<?xml version="1.0" encoding="UTF-8"?>
<!-- Generated by org.testng.reporters.JUnitReportReporter -->
<testsuite skipped="0" hostname="DESKTOP-JU253R0" name="script.Sample" tests="1" failures="0" timestamp="22 Dec 2020 15:49:36 GMT" time="0.096" errors="0">
  <testcase name="disp" time="0.096" classname="script.Sample"/>
</testsuite> <!-- script.Sample -->
